<?xml version="1.0" encoding="UTF-8"?>
<!-- Generated by org.testng.reporters.JUnitXMLReporter -->
<testsuite ignored="7" hostname="DESKTOP-1FJC9IP" failures="0" tests="1" name="Default test" time="3.172" errors="0" timestamp="2022-08-15T15:00:06 IST">
  <testcase classname="JSON_API.JSON_API.AppTest" name="postComment" time="3.103"/>
  <testcase classname="JSON_API.JSON_API.AppTest" name="getComment" time="0.0">
    <ignored/>
  </testcase> <!-- getComment -->
  <testcase classname="JSON_API.JSON_API.AppTest" name="putTest" time="0.0">
    <ignored/>
  </testcase> <!-- putTest -->
  <testcase classname="JSON_API.JSON_API.AppTest" name="putComment" time="0.0">
    <ignored/>
  </testcase> <!-- putComment -->
  <testcase classname="JSON_API.JSON_API.AppTest" name="getTest" time="0.0">
    <ignored/>
  </testcase> <!-- getTest -->
  <testcase classname="JSON_API.JSON_API.AppTest" name="postTest" time="0.0">
    <ignored/>
  </testcase> <!-- postTest -->
  <testcase classname="JSON_API.JSON_API.AppTest" name="deleteTest" time="0.0">
    <ignored/>
  </testcase> <!-- deleteTest -->
  <testcase classname="JSON_API.JSON_API.AppTest" name="deleteComment" time="0.0">
    <ignored/>
  </testcase> <!-- deleteComment -->
</testsuite> <!-- Default test -->
