<?xml version="1.0" encoding="UTF-8"?>
<testng-results ignored="7" total="8" passed="1" failed="0" skipped="0">
  <reporter-output>
  </reporter-output>
  <suite started-at="2022-08-15T15:00:03 IST" name="Default suite" finished-at="2022-08-15T15:00:06 IST" duration-ms="3172">
    <groups>
    </groups>
    <test started-at="2022-08-15T15:00:03 IST" name="Default test" finished-at="2022-08-15T15:00:06 IST" duration-ms="3172">
      <class name="JSON_API.JSON_API.AppTest">
        <test-method signature="postComment()[pri:6, instance:JSON_API.JSON_API.AppTest@48aaecc3]" started-at="2022-08-15T15:00:03 IST" name="postComment" finished-at="2022-08-15T15:00:06 IST" duration-ms="3103" status="PASS">
          <reporter-output>
          </reporter-output>
        </test-method> <!-- postComment -->
      </class> <!-- JSON_API.JSON_API.AppTest -->
    </test> <!-- Default test -->
  </suite> <!-- Default suite -->
</testng-results>
